Detecting C compiler ABI info failed to compile with the following output:
Change Dir: /home/Prababamaba/projects/USACO/build/CMakeFiles/CMakeTmp

Run Build Command(s):/usr/bin/gmake -f Makefile cmTC_d10bb/fast && No such file or directory
Generator: execution of make failed. Make command was: /usr/bin/gmake -f Makefile cmTC_d10bb/fast && 



Determining if the C compiler works failed with the following output:
Change Dir: /home/Prababamaba/projects/USACO/build/CMakeFiles/CMakeTmp

Run Build Command(s):/usr/bin/gmake -f Makefile cmTC_bd463/fast && No such file or directory
Generator: execution of make failed. Make command was: /usr/bin/gmake -f Makefile cmTC_bd463/fast && 


Detecting C compiler ABI info failed to compile with the following output:
Change Dir: /home/Prababamaba/projects/USACO/build/CMakeFiles/CMakeTmp

Run Build Command(s):/usr/bin/gmake -f Makefile cmTC_d8674/fast && No such file or directory
Generator: execution of make failed. Make command was: /usr/bin/gmake -f Makefile cmTC_d8674/fast && 



Determining if the C compiler works failed with the following output:
Change Dir: /home/Prababamaba/projects/USACO/build/CMakeFiles/CMakeTmp

Run Build Command(s):/usr/bin/gmake -f Makefile cmTC_ee60e/fast && No such file or directory
Generator: execution of make failed. Make command was: /usr/bin/gmake -f Makefile cmTC_ee60e/fast && 


Detecting C compiler ABI info failed to compile with the following output:
Change Dir: /home/Prababamaba/projects/USACO/build/CMakeFiles/CMakeTmp

Run Build Command(s):/usr/bin/gmake -f Makefile cmTC_5697a/fast && No such file or directory
Generator: execution of make failed. Make command was: /usr/bin/gmake -f Makefile cmTC_5697a/fast && 



Determining if the C compiler works failed with the following output:
Change Dir: /home/Prababamaba/projects/USACO/build/CMakeFiles/CMakeTmp

Run Build Command(s):/usr/bin/gmake -f Makefile cmTC_cf2a6/fast && No such file or directory
Generator: execution of make failed. Make command was: /usr/bin/gmake -f Makefile cmTC_cf2a6/fast && 


Detecting C compiler ABI info failed to compile with the following output:
Change Dir: /home/Prababamaba/projects/USACO/build/CMakeFiles/CMakeTmp

Run Build Command(s):/usr/bin/gmake -f Makefile cmTC_77bc2/fast && No such file or directory
Generator: execution of make failed. Make command was: /usr/bin/gmake -f Makefile cmTC_77bc2/fast && 



Determining if the C compiler works failed with the following output:
Change Dir: /home/Prababamaba/projects/USACO/build/CMakeFiles/CMakeTmp

Run Build Command(s):/usr/bin/gmake -f Makefile cmTC_657dd/fast && No such file or directory
Generator: execution of make failed. Make command was: /usr/bin/gmake -f Makefile cmTC_657dd/fast && 


Detecting C compiler ABI info failed to compile with the following output:
Change Dir: /home/Prababamaba/projects/USACO/build/CMakeFiles/CMakeTmp

Run Build Command(s):/usr/bin/gmake -f Makefile cmTC_08691/fast && No such file or directory
Generator: execution of make failed. Make command was: /usr/bin/gmake -f Makefile cmTC_08691/fast && 



Determining if the C compiler works failed with the following output:
Change Dir: /home/Prababamaba/projects/USACO/build/CMakeFiles/CMakeTmp

Run Build Command(s):/usr/bin/gmake -f Makefile cmTC_d6741/fast && No such file or directory
Generator: execution of make failed. Make command was: /usr/bin/gmake -f Makefile cmTC_d6741/fast && 


Detecting C compiler ABI info failed to compile with the following output:
Change Dir: /home/Prababamaba/projects/USACO/build/CMakeFiles/CMakeTmp

Run Build Command(s):/usr/bin/gmake -f Makefile cmTC_42e9f/fast && No such file or directory
Generator: execution of make failed. Make command was: /usr/bin/gmake -f Makefile cmTC_42e9f/fast && 



Determining if the C compiler works failed with the following output:
Change Dir: /home/Prababamaba/projects/USACO/build/CMakeFiles/CMakeTmp

Run Build Command(s):/usr/bin/gmake -f Makefile cmTC_70d4e/fast && No such file or directory
Generator: execution of make failed. Make command was: /usr/bin/gmake -f Makefile cmTC_70d4e/fast && 


Detecting C compiler ABI info failed to compile with the following output:
Change Dir: /home/Prababamaba/projects/USACO/build/CMakeFiles/CMakeTmp

Run Build Command(s):/usr/bin/gmake -f Makefile cmTC_aefe1/fast && No such file or directory
Generator: execution of make failed. Make command was: /usr/bin/gmake -f Makefile cmTC_aefe1/fast && 



Determining if the C compiler works failed with the following output:
Change Dir: /home/Prababamaba/projects/USACO/build/CMakeFiles/CMakeTmp

Run Build Command(s):/usr/bin/gmake -f Makefile cmTC_75bb5/fast && No such file or directory
Generator: execution of make failed. Make command was: /usr/bin/gmake -f Makefile cmTC_75bb5/fast && 


